make all --print-data-base --no-builtin-variables --no-builtin-rules --question
# GNU Make 4.2.1
# Built for x86_64-pc-linux-gnu
# Copyright (C) 1988-2016 Free Software Foundation, Inc.
# License GPLv3+: GNU GPL version 3 or later <http://gnu.org/licenses/gpl.html>
# This is free software: you are free to change and redistribute it.
# There is NO WARRANTY, to the extent permitted by law.

# Make data base, printed on Fri Aug 19 12:52:12 2022

# Variables

# automatic
<D = $(patsubst %/,%,$(dir $<))
# automatic
?F = $(notdir $?)
# environment
DESKTOP_SESSION = ubuntu
# default
.SHELLFLAGS := -c
# environment
XDG_SESSION_CLASS = user
# environment
XDG_SESSION_TYPE = x11
# automatic
?D = $(patsubst %/,%,$(dir $?))
# automatic
@D = $(patsubst %/,%,$(dir $@))
# environment
XAUTHORITY = /mnt/nfs/homes/agouet/.Xauthority
# environment
GDMSESSION = ubuntu
# environment
XMODIFIERS = @im=ibus
# makefile
CURDIR := /mnt/nfs/homes/agouet/Desktop/philo3.0
# makefile
SHELL = /bin/sh
# environment
GDM_LANG = en
# environment
VSCODE_NLS_CONFIG = {"locale":"en-us","availableLanguages":{},"_languagePackSupport":true}
# environment
_ = /usr/share/code/code
# makefile (from 'Makefile', line 28)
CFLAGS = -MMD -Wall -Wextra -Werror -g  
# environment
JOURNAL_STREAM = 9:1903959
# environment
XDG_CONFIG_DIRS = /etc/xdg/xdg-ubuntu:/etc/xdg
# makefile (from 'sources/time.d', line 1)
MAKEFILE_LIST :=  Makefile sources/main.d sources/errors.d sources/utils.d sources/list_philo.d sources/thread.d sources/states.d sources/time.d
# automatic
@F = $(notdir $@)
# environment
GIO_LAUNCHED_DESKTOP_FILE = /usr/share/applications/code.desktop
# 'override' directive
GNUMAKEFLAGS := 
# environment
MANDATORY_PATH = /usr/share/gconf/ubuntu.mandatory.path
# environment
XDG_DATA_DIRS = /usr/share/gnome:/usr/share/ubuntu:/mnt/nfs/homes/agouet/.local/share/flatpak/exports/share:/var/lib/flatpak/exports/share:/usr/local/share:/usr/share:/var/lib/snapd/desktop
# environment
DBUS_SESSION_BUS_ADDRESS = unix:path=/run/user/40580/bus
# makefile (from 'Makefile', line 22)
OBJS = $(SRCS:.c=.o)
# environment
INFOPATH = /mnt/nfs/homes/agouet/.linuxbrew/share/info:/mnt/nfs/homes/agouet/.linuxbrew/share/info:
# environment
MANAGERPID = 369142
# environment
VSCODE_CWD = /mnt/nfs/homes/agouet
# environment
XDG_SESSION_PATH = /org/freedesktop/DisplayManager/Session3
# environment
KRB5CCNAME = FILE:/tmp/krb5cc_40580_5kWUmj
# default
MAKE_HOST := x86_64-pc-linux-gnu
# environment
PATH = /mnt/nfs/homes/agouet/.linuxbrew/bin:/mnt/nfs/homes/agouet/.linuxbrew/sbin:/mnt/nfs/homes/agouet/bin:/mnt/nfs/homes/agouet/.linuxbrew/bin:/mnt/nfs/homes/agouet/.linuxbrew/sbin:/usr/local/sbin:/usr/local/bin:/usr/sbin:/usr/bin:/sbin:/bin:/usr/games:/usr/local/games:/snap/bin
# environment
GPG_AGENT_INFO = /run/user/40580/gnupg/S.gpg-agent:0:1
# environment
LSCOLORS = Gxfxcxdxbxegedabagacad
# environment
SESSION_MANAGER = local/e1r9p18.clusters.42paris.fr:@/tmp/.ICE-unix/369729,unix/e1r9p18.clusters.42paris.fr:/tmp/.ICE-unix/369729
# environment
XDG_RUNTIME_DIR = /run/user/40580
# makefile (from 'Makefile', line 30)
THREADF = -lpthread -D_REENTRANT
# environment
XDG_MENU_PREFIX = gnome-
# environment
ELECTRON_RUN_AS_NODE = 1
# environment
INVOCATION_ID = 5c85af82ee4a4c42aa615edb87ea558c
# default
.FEATURES := target-specific order-only second-expansion else-if shortest-stem undefine oneshell archives jobserver output-sync check-symlink load
# environment
XDG_GREETER_DATA_DIR = /var/lib/lightdm-data/agouet
# environment
LS_COLORS = 
# environment
XDG_SESSION_DESKTOP = ubuntu
# environment
SSH_AUTH_SOCK = /run/user/40580/keyring/ssh
# environment
GIO_LAUNCHED_DESKTOP_FILE_PID = 424070
# automatic
%F = $(notdir $%)
# environment
DISPLAY = :0
# environment
PWD = /mnt/nfs/homes/agouet/Desktop/philo3.0
# default
.LOADED := 
# environment
SSH_AGENT_PID = 369693
# environment
ORIGINAL_XDG_CURRENT_DESKTOP = ubuntu:GNOME
# environment
GTK_MODULES = gail:atk-bridge
# environment
MANPATH = /mnt/nfs/homes/agouet/.linuxbrew/share/man:/mnt/nfs/homes/agouet/.linuxbrew/share/man::
# environment
VSCODE_AMD_ENTRYPOINT = vs/workbench/api/node/extensionHostProcess
# environment
HOME = /mnt/nfs/homes/agouet
# environment
HOMEBREW_CELLAR = /mnt/nfs/homes/agouet/.linuxbrew/Cellar
# environment
VSCODE_CODE_CACHE_PATH = /mnt/nfs/homes/agouet/.config/Code/CachedData/3b889b090b5ad5793f524b5d1d39fda662b96a2a
# environment
LOGNAME = agouet
# environment
APPLICATION_INSIGHTS_NO_DIAGNOSTIC_CHANNEL = true
# environment
ZSH = /mnt/nfs/homes/agouet/.oh-my-zsh
# environment
VSCODE_HANDLES_UNCAUGHT_ERRORS = true
# environment
GNOME_DESKTOP_SESSION_ID = this-is-deprecated
# automatic
^D = $(patsubst %/,%,$(dir $^))
# environment
MAKELEVEL := 0
# default
MAKE = $(MAKE_COMMAND)
# default
MAKECMDGOALS := all
# environment
QT_IM_MODULE = ibus
# makefile (from 'Makefile', line 19)
SRCS = $(addprefix $(SRCS_PATH), main.c errors.c utils.c list_philo.c thread.c states.c time.c)
# environment
SHLVL = 1
# makefile (from 'Makefile', line 26)
CC = cc
# environment
IM_CONFIG_PHASE = 1
# default
MAKE_VERSION := 4.2.1
# environment
USER = agouet
# makefile
.DEFAULT_GOAL := all
# environment
XDG_CURRENT_DESKTOP = Unity
# environment
LIBVIRT_DEFAULT_URI = qemu:///system
# environment
LESS = -R
# automatic
%D = $(patsubst %/,%,$(dir $%))
# default
MAKE_COMMAND := make
# makefile (from 'Makefile', line 32)
INC = -I ./includes
# environment
OLDPWD = /mnt/nfs/homes/agouet
# default
.VARIABLES := 
# automatic
*F = $(notdir $*)
# environment
LANGUAGE = en
# environment
XDG_SEAT_PATH = /org/freedesktop/DisplayManager/Seat0
# environment
VSCODE_IPC_HOOK = /run/user/40580/vscode-f3fe54c4-1.69.2-main.sock
# makefile
MAKEFLAGS = pqrR
# environment
MFLAGS = -pqrR
# automatic
*D = $(patsubst %/,%,$(dir $*))
# environment
HOMEBREW_PREFIX = /mnt/nfs/homes/agouet/.linuxbrew
# automatic
+D = $(patsubst %/,%,$(dir $+))
# environment
GDK_BACKEND = x11
# automatic
+F = $(notdir $+)
# environment
HOMEBREW_REPOSITORY = /mnt/nfs/homes/agouet/.linuxbrew/Homebrew
# environment
QT_ACCESSIBILITY = 1
# environment
DEFAULTS_PATH = /usr/share/gconf/ubuntu.default.path
# default
MAKEFILES := 
# automatic
<F = $(notdir $<)
# makefile (from 'Makefile', line 17)
SRCS_PATH = ./sources/
# environment
PAGER = less
# environment
LC_ALL = C
# environment
GJS_DEBUG_TOPICS = JS ERROR;JS LOG
# automatic
^F = $(notdir $^)
# makefile (from 'Makefile', line 24)
DEPS = $(SRCS:.c=.d)
# default
SUFFIXES := 
# environment
CHROME_DESKTOP = code-url-handler.desktop
# default
.INCLUDE_DIRS = /usr/include /usr/local/include /usr/include
# environment
GJS_DEBUG_OUTPUT = stderr
# makefile (from 'Makefile', line 15)
NAME = philo
# default
.RECIPEPREFIX := 
# environment
LANG = C
# environment
DOCKER_HOST = unix:///run/user/40580/docker.sock
# environment
VSCODE_PID = 424070
# variable set hash-table stats:
# Load=116/1024=11%, Rehash=0, Collisions=16/163=10%

# Pattern-specific Variable Values

# No pattern-specific variable values.

# Directories

# . (device 59, inode 14386271): 13 files, no impossibilities.
# sources (device 59, inode 46513690): No files, no impossibilities so far.

# 13 files, no impossibilities in 2 directories.

# Implicit Rules

%.o: %.c
#  recipe to execute (from 'Makefile', line 40):
		$(CC) $(CFLAGS) -c $< -o $@ $(INC)

# 1 implicit rules, 0 (0.0%) terminal.

# Files

all: philo
#  Phony target (prerequisite of .PHONY).
#  Command line target.
#  Implicit rule search has not been done.
#  File does not exist.
#  File has been updated.
#  Successfully updated.

philo: sources/main.o sources/errors.o sources/utils.o sources/list_philo.o sources/thread.o sources/states.o sources/time.o
#  Implicit rule search has not been done.
#  Last modified 2022-07-04 15:11:12.995654388
#  File has been updated.
#  Successfully updated.
#  recipe to execute (from 'Makefile', line 37):
		$(CC) $(CFLAGS) -o $(NAME) $(OBJS) $(THREADF)

sources/states.o: sources/states.c sources/states.c includes/philo.h
#  Implicit rule search has been done.
#  Implicit/static pattern stem: 'sources/states'
 
#  Last modified 2022-07-04 15:00:02.595554723
#  File has been updated.
#  Successfully updated.
#  recipe to execute (from 'Makefile', line 40):
		$(CC) $(CFLAGS) -c $< -o $@ $(INC)

.PHONY: all re clean fclean
#  Implicit rule search has not been done.
#  Modification time never checked.
#  File has not been updated.

# Not a target:
sources/errors.d:
#  Implicit rule search has been done.
#  Last modified 2022-07-04 15:00:02.347555047
#  File has been updated.
#  Successfully updated.

# Not a target:
sources/time.c:
#  Implicit rule search has been done.
#  Last modified 2022-05-20 17:11:00.296265722
#  File has been updated.
#  Successfully updated.

sources/time.o: sources/time.c sources/time.c includes/philo.h
#  Implicit rule search has been done.
#  Implicit/static pattern stem: 'sources/time'
#  Last modified 2022-07-04 15:00:02.648554653
#  File has been updated.
#  Successfully updated.
#  recipe to execute (from 'Makefile', line 40):
		$(CC) $(CFLAGS) -c $< -o $@ $(INC)

sources/thread.o: sources/thread.c sources/thread.c includes/philo.h
#  Implicit rule search has been done.
#  Implicit/static pattern stem: 'sources/thread'
#  Last modified 2022-07-04 15:11:12.928654479
#  File has been updated.
#  Successfully updated.
#  recipe to execute (from 'Makefile', line 40):
		$(CC) $(CFLAGS) -c $< -o $@ $(INC)

# Not a target:
sources/list_philo.d:
#  Implicit rule search has been done.
#  Last modified 2022-07-04 15:00:02.459554901
#  File has been updated.
#  Successfully updated.

# Not a target:
sources/main.d:
#  Implicit rule search has been done.
#  Last modified 2022-07-04 15:00:02.283555131
#  File has been updated.
#  Successfully updated.

# Not a target:
Makefile:
#  Implicit rule search has been done.
#  Last modified 2022-05-17 14:30:23.662945
#  File has been updated.
#  Successfully updated.

# Not a target:
sources/utils.c:
#  Implicit rule search has been done.
#  Last modified 2022-05-17 13:58:53.028205
#  File has been updated.
#  Successfully updated.

sources/errors.o: sources/errors.c sources/errors.c includes/philo.h
#  Implicit rule search has been done.
#  Implicit/static pattern stem: 'sources/errors'
#  Last modified 2022-07-04 15:00:02.34555505
#  File has been updated.
#  Successfully updated.
#  recipe to execute (from 'Makefile', line 40):
		$(CC) $(CFLAGS) -c $< -o $@ $(INC)

# Not a target:
sources/states.c:
#  Implicit rule search has been done.
#  Last modified 2022-05-20 17:27:30.082639495
#  File has been updated.
#  Successfully updated.

fclean: clean
#  Phony target (prerequisite of .PHONY).
#  Implicit rule search has not been done.
#  File does not exist.
#  File has not been updated.
#  recipe to execute (from 'Makefile', line 46):
		rm -f $(NAME)

sources/list_philo.o: sources/list_philo.c sources/list_philo.c includes/philo.h
#  Implicit rule search has been done.
#  Implicit/static pattern stem: 'sources/list_philo'
#  Last modified 2022-07-04 15:00:02.458554902
#  File has been updated.
#  Successfully updated.
#  recipe to execute (from 'Makefile', line 40):
		$(CC) $(CFLAGS) -c $< -o $@ $(INC)

sources/main.o: sources/main.c sources/main.c includes/philo.h
#  Implicit rule search has been done.
#  Implicit/static pattern stem: 'sources/main'
#  Last modified 2022-07-04 15:00:02.281555133
#  File has been updated.
#  Successfully updated.
#  recipe to execute (from 'Makefile', line 40):
		$(CC) $(CFLAGS) -c $< -o $@ $(INC)

# Not a target:
sources/thread.c:
#  Implicit rule search has been done.
#  Last modified 2022-07-04 15:11:08.74166012
#  File has been updated.
#  Successfully updated.

# Not a target:
.DEFAULT:
#  Implicit rule search has not been done.
#  Modification time never checked.
#  File has not been updated.

# Not a target:
includes/philo.h:
#  Implicit rule search has been done.
#  Last modified 2022-05-20 17:25:59.758057753
#  File has been updated.
#  Successfully updated.

# Not a target:
sources/utils.d:
#  Implicit rule search has been done.
#  Last modified 2022-07-04 15:00:02.400554978
#  File has been updated.
#  Successfully updated.

re: fclean all
#  Phony target (prerequisite of .PHONY).
#  Implicit rule search has not been done.
#  File does not exist.
#  File has not been updated.

clean:
#  Phony target (prerequisite of .PHONY).
#  Implicit rule search has not been done.
#  File does not exist.
#  File has not been updated.
#  recipe to execute (from 'Makefile', line 43):
		rm -f $(OBJS) $(DEPS)

# Not a target:
sources/errors.c:
#  Implicit rule search has been done.
#  Last modified 2022-05-20 17:26:47.666366309
#  File has been updated.
#  Successfully updated.

# Not a target:
sources/states.d:
#  Implicit rule search has been done.
#  Last modified 2022-07-04 15:00:02.596554721
#  File has been updated.
#  Successfully updated.

# Not a target:
sources/list_philo.c:
#  Implicit rule search has been done.
#  Last modified 2022-05-20 16:44:28.689989207
#  File has been updated.
#  Successfully updated.

# Not a target:
sources/main.c:
#  Implicit rule search has been done.
#  Last modified 2022-05-20 16:57:30.491053348
#  File has been updated.
#  Successfully updated.

# Not a target:
sources/time.d:
#  Implicit rule search has been done.
#  Last modified 2022-07-04 15:00:02.649554652
#  File has been updated.
#  Successfully updated.

# Not a target:
sources/thread.d:
#  Implicit rule search has been done.
#  Last modified 2022-07-04 15:11:12.929654477
#  File has been updated.
#  Successfully updated.

sources/utils.o: sources/utils.c sources/utils.c includes/philo.h
#  Implicit rule search has been done.
#  Implicit/static pattern stem: 'sources/utils'
#  Last modified 2022-07-04 15:00:02.399554979
#  File has been updated.
#  Successfully updated.
#  recipe to execute (from 'Makefile', line 40):
		$(CC) $(CFLAGS) -c $< -o $@ $(INC)

# files hash-table stats:
# Load=31/1024=3%, Rehash=0, Collisions=15/100=15%
# VPATH Search Paths

# No 'vpath' search paths.

# No general ('VPATH' variable) search path.

# strcache buffers: 1 (0) / strings = 53 / storage = 680 B / avg = 12 B
# current buf: size = 8162 B / used = 680 B / count = 53 / avg = 12 B

# strcache performance: lookups = 115 / hit rate = 53%
# hash-table stats:
# Load=53/8192=1%, Rehash=0, Collisions=2/115=2%
# Finished Make data base on Fri Aug 19 12:52:12 2022

 
